{
  "RSpec": {
    "coverage": {
      "/Users/jameswhite/Desktop/Turing/1moda/group_project/futbol/spec/spec_helper.rb": {
        "lines": [
          1,
          1,
          null,
          1,
          1,
          1,
          1,
          1,
          1,
          1,
          null
        ]
      },
      "/Users/jameswhite/Desktop/Turing/1moda/group_project/futbol/spec/stat_tracker_spec.rb": {
        "lines": [
          1,
          1,
          1,
          null,
          1,
          1,
          30,
          30,
          30,
          null,
          null,
          30,
          null,
          null,
          null,
          null,
          30,
          null,
          null,
          1,
          1,
          null,
          null,
          1,
          1,
          null,
          null,
          1,
          1,
          null,
          null,
          1,
          1,
          null,
          null,
          1,
          1,
          null,
          null,
          1,
          1,
          null,
          null,
          1,
          1,
          null,
          null,
          null,
          null,
          null,
          null,
          null,
          1,
          null,
          null,
          1,
          1,
          null,
          null,
          1,
          1,
          null,
          null,
          null,
          null,
          null,
          null,
          null,
          1,
          null,
          null,
          1,
          1,
          null,
          null,
          1,
          1,
          null,
          null,
          1,
          1,
          null,
          null,
          1,
          1,
          null,
          null,
          1,
          1,
          null,
          null,
          1,
          1,
          null,
          null,
          1,
          1,
          null,
          null,
          1,
          1,
          1,
          null,
          null,
          1,
          1,
          1,
          null,
          null,
          1,
          1,
          1,
          null,
          null,
          1,
          1,
          1,
          null,
          null,
          1,
          1,
          1,
          null,
          null,
          1,
          1,
          1,
          null,
          null,
          1,
          null,
          1,
          null,
          null,
          null,
          null,
          null,
          1,
          null,
          null,
          1,
          1,
          null,
          null,
          1,
          1,
          null,
          null,
          1,
          1,
          null,
          null,
          1,
          1,
          null,
          null,
          1,
          1,
          null,
          null,
          1,
          1,
          null,
          null,
          1,
          1,
          null,
          null
        ]
      },
      "/Users/jameswhite/Desktop/Turing/1moda/group_project/futbol/lib/stat_tracker.rb": {
        "lines": [
          1,
          1,
          1,
          1,
          1,
          1,
          null,
          1,
          1,
          null,
          1,
          null,
          30,
          null,
          null,
          null,
          null,
          30,
          30,
          30,
          30,
          null,
          30,
          30,
          30,
          30,
          30,
          30,
          30,
          30,
          30,
          30,
          30,
          30,
          30,
          30,
          30,
          null,
          null,
          1,
          30,
          null,
          null,
          1,
          2,
          null,
          null,
          1,
          2,
          null,
          null,
          1,
          2,
          null,
          null,
          1,
          2,
          null,
          null,
          1,
          2,
          null,
          null,
          1,
          2,
          null,
          null,
          1,
          1,
          null,
          null,
          1,
          1,
          null,
          null,
          1,
          1,
          null,
          null,
          1,
          1,
          null,
          null,
          1,
          1,
          null,
          null,
          1,
          1,
          null,
          null,
          1,
          1,
          null,
          null,
          1,
          1,
          null,
          null,
          null
        ]
      },
      "/Users/jameswhite/Desktop/Turing/1moda/group_project/futbol/lib/league_stats.rb": {
        "lines": [
          1,
          1,
          null,
          1,
          1,
          null,
          1,
          187,
          187,
          1860437,
          1860250,
          6171,
          null,
          null,
          1,
          31,
          null,
          null,
          1,
          1023,
          null,
          null,
          1,
          1023,
          null,
          null,
          1,
          1023,
          null,
          null,
          1,
          1023,
          null,
          null,
          1,
          1023,
          null,
          null,
          1,
          1023,
          null,
          null
        ]
      },
      "/Users/jameswhite/Desktop/Turing/1moda/group_project/futbol/lib/csv_loader.rb": {
        "lines": [
          1,
          null,
          1,
          1,
          null,
          null,
          null,
          null,
          null,
          null,
          null,
          1,
          153,
          153,
          153,
          1138626,
          2277099,
          5049,
          null,
          null,
          1,
          null,
          153,
          null,
          null,
          null,
          153,
          null,
          null
        ]
      },
      "/Users/jameswhite/Desktop/Turing/1moda/group_project/futbol/lib/teamid.rb": {
        "lines": [
          1,
          1,
          4788,
          null,
          null
        ]
      },
      "/Users/jameswhite/Desktop/Turing/1moda/group_project/futbol/lib/game_stats.rb": {
        "lines": [
          1,
          null,
          1,
          null,
          1,
          230702,
          null,
          null,
          1,
          230702,
          null,
          null,
          1,
          31,
          230702,
          230671,
          31,
          null,
          null,
          1,
          31,
          230702,
          230671,
          31,
          null,
          null,
          1,
          31,
          230702,
          230671,
          31,
          null,
          null,
          1,
          217,
          1614914,
          217,
          null,
          null,
          1,
          31,
          230702,
          230671,
          31,
          null,
          null,
          1,
          31,
          230702,
          217,
          31,
          null,
          null
        ]
      },
      "/Users/jameswhite/Desktop/Turing/1moda/group_project/futbol/lib/season_stats.rb": {
        "lines": [
          1,
          1,
          null,
          1,
          1,
          null,
          1,
          319,
          133947,
          319,
          null,
          null,
          1,
          279,
          279,
          9,
          133938,
          23782,
          null,
          null,
          279,
          null,
          null,
          1,
          8,
          119064,
          8,
          null,
          null,
          1,
          142,
          null,
          null,
          1,
          142,
          null,
          null,
          1,
          124,
          null,
          null,
          1,
          124,
          null,
          null,
          1,
          124,
          null,
          null,
          1,
          124,
          null,
          null
        ]
      },
      "/Users/jameswhite/Desktop/Turing/1moda/group_project/futbol/lib/team_stats.rb": {
        "lines": [
          1,
          null,
          1,
          null,
          1,
          2,
          2,
          64,
          2,
          2,
          2,
          2,
          2,
          null,
          null,
          2,
          null,
          null,
          1,
          2,
          2,
          29764,
          1746744,
          502,
          null,
          null,
          2,
          null,
          null,
          1,
          2,
          2,
          29764,
          1020,
          1746744,
          502,
          null,
          null,
          null,
          2,
          null,
          null,
          1,
          2,
          2,
          29764,
          1020,
          1020,
          null,
          null,
          2,
          null,
          null,
          1,
          4,
          59532,
          2052,
          4,
          null,
          null,
          1,
          2,
          29766,
          1026,
          2,
          null,
          null,
          1,
          2,
          29766,
          64,
          2,
          29764,
          1026,
          1026,
          1026,
          1026,
          null,
          null,
          null,
          4,
          2,
          2,
          62,
          2,
          null,
          60,
          null,
          null,
          2,
          4,
          2,
          10,
          null,
          0,
          0,
          0,
          null,
          null,
          null,
          1,
          2,
          29766,
          64,
          2,
          29764,
          1026,
          1026,
          1026,
          1026,
          null,
          null,
          2,
          2,
          2,
          62,
          0,
          null,
          62,
          null,
          null,
          2,
          0,
          0,
          0,
          null,
          64,
          2,
          18,
          null,
          null,
          null
        ]
      },
      "/Users/jameswhite/Desktop/Turing/1moda/group_project/futbol/lib/attr_readable.rb": {
        "lines": [
          1,
          null,
          1,
          null,
          null,
          null,
          null,
          null,
          null,
          null,
          null,
          null,
          null,
          null,
          null,
          null,
          null,
          null,
          null,
          null,
          null,
          null
        ]
      },
      "/Users/jameswhite/Desktop/Turing/1moda/group_project/futbol/spec/game_stats_spec.rb": {
        "lines": [
          1,
          1,
          1,
          null,
          1,
          1,
          8,
          null,
          null,
          1,
          1,
          null,
          null,
          1,
          1,
          null,
          null,
          1,
          1,
          null,
          null,
          1,
          1,
          null,
          null,
          1,
          1,
          null,
          null,
          1,
          1,
          null,
          null,
          null,
          null,
          null,
          null,
          null,
          1,
          null,
          null,
          1,
          1,
          null,
          null,
          1,
          1,
          null,
          null,
          null,
          null,
          null,
          null,
          null,
          1,
          null,
          null
        ]
      },
      "/Users/jameswhite/Desktop/Turing/1moda/group_project/futbol/spec/league_stats_spec.rb": {
        "lines": [
          1,
          1,
          1,
          null,
          1,
          1,
          8,
          null,
          null,
          1,
          null,
          1,
          null,
          null,
          null,
          null,
          null,
          null,
          null,
          null,
          null,
          null,
          null,
          null,
          null,
          null,
          null,
          null,
          null,
          null,
          null,
          null,
          null,
          null,
          null,
          null,
          null,
          null,
          null,
          null,
          null,
          null,
          null,
          null,
          1,
          null,
          null,
          1,
          1,
          null,
          null,
          1,
          1,
          null,
          null,
          1,
          1,
          null,
          null,
          1,
          1,
          null,
          null,
          1,
          1,
          null,
          null,
          1,
          1,
          null,
          null,
          null,
          1,
          1,
          null,
          null
        ]
      },
      "/Users/jameswhite/Desktop/Turing/1moda/group_project/futbol/spec/team_stats_spec.rb": {
        "lines": [
          1,
          1,
          1,
          null,
          1,
          1,
          8,
          null,
          null,
          1,
          null,
          1,
          null,
          null,
          null,
          null,
          null,
          1,
          null,
          null,
          1,
          1,
          null,
          null,
          1,
          1,
          null,
          null,
          1,
          1,
          null,
          null,
          1,
          1,
          null,
          null,
          1,
          1,
          null,
          null,
          1,
          1,
          null,
          null,
          1,
          1,
          null,
          null
        ]
      },
      "/Users/jameswhite/Desktop/Turing/1moda/group_project/futbol/spec/season_stats_spec.rb": {
        "lines": [
          1,
          1,
          1,
          null,
          1,
          1,
          8,
          null,
          null,
          1,
          null,
          1,
          null,
          null,
          null,
          null,
          null,
          null,
          null,
          null,
          null,
          null,
          null,
          null,
          null,
          null,
          null,
          null,
          null,
          null,
          null,
          null,
          null,
          null,
          null,
          null,
          null,
          null,
          null,
          null,
          null,
          null,
          null,
          null,
          null,
          null,
          1,
          null,
          null,
          1,
          null,
          null,
          1,
          null,
          null,
          null,
          null,
          null,
          null,
          null,
          null,
          null,
          null,
          null,
          null,
          null,
          null,
          null,
          null,
          null,
          null,
          null,
          null,
          null,
          null,
          null,
          null,
          null,
          null,
          null,
          null,
          null,
          null,
          1,
          null,
          null,
          1,
          1,
          1,
          null,
          null,
          1,
          1,
          1,
          null,
          null,
          1,
          1,
          1,
          null,
          null,
          1,
          1,
          1,
          null,
          null,
          1,
          1,
          1,
          null,
          null,
          1,
          1,
          1,
          null,
          null
        ]
      },
      "/Users/jameswhite/Desktop/Turing/1moda/group_project/futbol/spec/csv_loader_spec.rb": {
        "lines": [
          1,
          1,
          1,
          null,
          1,
          1,
          1,
          1,
          1,
          null,
          null,
          1,
          null,
          null,
          null,
          null,
          1,
          1,
          null,
          null
        ]
      }
    },
  }
}
